Program Version,EnergyPlus, Version 8.9.0-40101eaafd, YMD=2018.10.01 16:54,
   ************* Beginning Zone Sizing Calculations
   ** Warning ** Weather file location will be used rather than entered (IDF) Location object.
   **   ~~~   ** ..Location object=HOUSTON BUSH INTERCONTINENTAL_TX_USA
   **   ~~~   ** ..Weather File Location=Berkeley California USA Custom-- WMO#=-
   **   ~~~   ** ..due to location differences, Latitude difference=[7.87] degrees, Longitude difference=[26.90] degrees.
   **   ~~~   ** ..Time Zone difference=[2.0] hour(s), Elevation difference=[72.41] percent, [21.00] meters.
   ** Warning ** ProcessScheduleInput: Schedule:Day:Interval="ECONOMIZER MAX OA FRACTION 70 PCT DEFAULT", Blank Schedule Type Limits Name input -- will not be validated.
   ** Warning ** ProcessScheduleInput: Schedule:Constant="ALWAYS OFF DISCRETE", Blank Schedule Type Limits Name input -- will not be validated.
   ** Warning ** ProcessScheduleInput: Schedule:Constant="ALWAYS ON CONTINUOUS", Blank Schedule Type Limits Name input -- will not be validated.
   ** Warning ** CheckUsedConstructions: There are 11 nominally unused constructions in input.
   **   ~~~   ** For explicit details on each unused construction, use Output:Diagnostics,DisplayExtraWarnings;
   ************* Beginning System Sizing Calculations
   ************* Beginning Plant Sizing Calculations
   ** Warning ** GetDXCoils: Coil:Heating:DX:SingleSpeed="CORE_ZN ZN HP HTG COIL 22 CLG KBTU/HR 7.7HSPF", invalid
   **   ~~~   ** ...Part Load Fraction Correlation Curve Name = DXHEAT-NECB2011-REF-PLFFPLR has out of range value.
   **   ~~~   ** ...Curve maximum must be <= 1.0, curve max at PLR = 0.99 is 1.005
   **   ~~~   ** ...Setting curve maximum to 1.0 and simulation continues.
   ** Warning ** GetDXCoils: Coil:Heating:DX:SingleSpeed="CORE_ZN ZN HP HTG COIL 22 CLG KBTU/HR 7.7HSPF" curve values
   **   ~~~   ** ... Defrost Energy Input Ratio Function of Temperature Curve Name = CORE_ZN ZN HP HTG COIL DEFROST EIR FUNC OF TEMP CURVE 1 output is not equal to 1.0 (+ or - 10%) at rated conditions.
   **   ~~~   ** ... Curve output at rated conditions = 0.787
   ** Warning ** GetDXCoils: Coil:Heating:DX:SingleSpeed="PERIMETER_ZN_1 ZN HP HTG COIL 24 CLG KBTU/HR 7.7HSPF" curve values
   **   ~~~   ** ... Defrost Energy Input Ratio Function of Temperature Curve Name = PERIMETER_ZN_1 ZN HP HTG COIL DEFROST EIR FUNC OF TEMP CURVE 1 output is not equal to 1.0 (+ or - 10%) at rated conditions.
   **   ~~~   ** ... Curve output at rated conditions = 0.787
   ** Warning ** GetDXCoils: Coil:Heating:DX:SingleSpeed="PERIMETER_ZN_2 ZN HP HTG COIL 19 CLG KBTU/HR 7.7HSPF" curve values
   **   ~~~   ** ... Defrost Energy Input Ratio Function of Temperature Curve Name = PERIMETER_ZN_2 ZN HP HTG COIL DEFROST EIR FUNC OF TEMP CURVE 1 output is not equal to 1.0 (+ or - 10%) at rated conditions.
   **   ~~~   ** ... Curve output at rated conditions = 0.787
   ** Warning ** GetDXCoils: Coil:Heating:DX:SingleSpeed="PERIMETER_ZN_3 ZN HP HTG COIL 23 CLG KBTU/HR 7.7HSPF" curve values
   **   ~~~   ** ... Defrost Energy Input Ratio Function of Temperature Curve Name = PERIMETER_ZN_3 ZN HP HTG COIL DEFROST EIR FUNC OF TEMP CURVE 1 output is not equal to 1.0 (+ or - 10%) at rated conditions.
   **   ~~~   ** ... Curve output at rated conditions = 0.787
   ** Warning ** GetDXCoils: Coil:Heating:DX:SingleSpeed="PERIMETER_ZN_4 ZN HP HTG COIL 22 CLG KBTU/HR 7.7HSPF" curve values
   **   ~~~   ** ... Defrost Energy Input Ratio Function of Temperature Curve Name = PERIMETER_ZN_4 ZN HP HTG COIL DEFROST EIR FUNC OF TEMP CURVE 1 output is not equal to 1.0 (+ or - 10%) at rated conditions.
   **   ~~~   ** ... Curve output at rated conditions = 0.787
   ** Warning ** The Standard Ratings is calculated for Coil:Cooling:DX:SingleSpeed = CORE_ZN ZN PSZ-AC-1 1SPD DX HP CLG COIL 22KBTU/HR 13.0SEER but not at the AHRI test condition due to curve out of bound.
   **   ~~~   **  Review the Standard Ratings calculations in the Engineering Reference for this coil type. Also, use Out