Program Version,EnergyPlus, Version 9.0.0-2ef880da82, YMD=2018.10.23 16:08,
   ************* Beginning Zone Sizing Calculations
   ** Warning ** ProcessScheduleInput: Schedule:Day:Interval="ECONOMIZER MAX OA FRACTION 70 PCT DEFAULT", Blank Schedule Type Limits Name input -- will not be validated.
   ** Warning ** ProcessScheduleInput: Schedule:Constant="ALWAYS OFF DISCRETE", Blank Schedule Type Limits Name input -- will not be validated.
   ** Warning ** ProcessScheduleInput: Schedule:Constant="ALWAYS ON CONTINUOUS", Blank Schedule Type Limits Name input -- will not be validated.
   ** Warning ** CheckUsedConstructions: There are 11 nominally unused constructions in input.
   **   ~~~   ** For explicit details on each unused construction, use Output:Diagnostics,DisplayExtraWarnings;
   ************* Beginning System Sizing Calculations
   ************* Beginning Plant Sizing Calculations
   ** Warning ** GetDXCoils: Coil:Heating:DX:SingleSpeed="CORE_ZN ZN HP HTG COIL 23 CLG KBTU/HR 6.6HSPF", invalid
   **   ~~~   ** ...Part Load Fraction Correlation Curve Name = DXHEAT-NECB2011-REF-PLFFPLR has out of range value.
   **   ~~~   ** ...Curve maximum must be <= 1.0, curve max at PLR = 0.99 is 1.005
   **   ~~~   ** ...Setting curve maximum to 1.0 and simulation continues.
   ** Warning ** GetDXCoils: Coil:Heating:DX:SingleSpeed="CORE_ZN ZN HP HTG COIL 23 CLG KBTU/HR 6.6HSPF" curve values
   **   ~~~   ** ... Defrost Energy Input Ratio Function of Temperature Curve Name = CORE_ZN ZN HP HTG COIL DEFROST EIR FUNC OF TEMP CURVE 1 output is not equal to 1.0 (+ or - 10%) at rated conditions.
   **   ~~~   ** ... Curve output at rated conditions = 0.787
   ** Warning ** GetDXCoils: Coil:Heating:DX:SingleSpeed="PERIMETER_ZN_1 ZN HP HTG COIL 28 CLG KBTU/HR 6.6HSPF" curve values
   **   ~~~   ** ... Defrost Energy Input Ratio Function of Temperature Curve Name = PERIMETER_ZN_1 ZN HP HTG COIL DEFROST EIR FUNC OF TEMP CURVE 1 output is not equal to 1.0 (+ or - 10%) at rated conditions.
   **   ~~~   ** ... Curve output at rated conditions = 0.787
   ** Warning ** GetDXCoils: Coil:Heating:DX:SingleSpeed="PERIMETER_ZN_2 ZN HP HTG COIL 21 CLG KBTU/HR 6.6HSPF" curve values
   **   ~~~   ** ... Defrost Energy Input Ratio Function of Temperature Curve Name = PERIMETER_ZN_2 ZN HP HTG COIL DEFROST EIR FUNC OF TEMP CURVE 1 output is not equal to 1.0 (+ or - 10%) at rated conditions.
   **   ~~~   ** ... Curve output at rated conditions = 0.787
   ** Warning ** GetDXCoils: Coil:Heating:DX:SingleSpeed="PERIMETER_ZN_3 ZN HP HTG COIL 24 CLG KBTU/HR 6.6HSPF" curve values
   **   ~~~   ** ... Defrost Energy Input Ratio Function of Temperature Curve Name = PERIMETER_ZN_3 ZN HP HTG COIL DEFROST EIR FUNC OF TEMP CURVE 1 output is not equal to 1.0 (+ or - 10%) at rated conditions.
   **   ~~~   ** ... Curve output at rated conditions = 0.787
   ** Warning ** GetDXCoils: Coil:Heating:DX:SingleSpeed="PERIMETER_ZN_4 ZN HP HTG COIL 24 CLG KBTU/HR 6.6HSPF" curve values
   **   ~~~   ** ... Defrost Energy Input Ratio Function of Temperature Curve Name = PERIMETER_ZN_4 ZN HP HTG COIL DEFROST EIR FUNC OF TEMP CURVE 1 output is not equal to 1.0 (+ or - 10%) at rated conditions.
   **   ~~~   ** ... Curve output at rated conditions = 0.787
   ** Warning ** The Standard Ratings is calculated for Coil:Cooling:DX:SingleSpeed = CORE_ZN ZN PSZ-AC-1 1SPD DX HP CLG COIL 23KBTU/HR 9.7SEER but not at the AHRI test condition due to curve out of bound.
   **   ~~~   **  Review the Standard Ratings calculations in the Engineering Reference for this coil type. Also, use Output:Diagnostics, DisplayExtraWarnings for further guidance.
   ** Warning ** The Standard Ratings is calculated for Coil:Cooling:DX:SingleSpeed = PERIMETER_ZN_1 ZN PSZ-AC-2 1SPD DX HP CLG COIL 28KBTU/HR 9.7SEER but not at the AHRI test condition due to curve out of bound.
   **   ~~~   **  Review the Standard Ratings calculations in the Engineering Reference for this coil type. Also, use Output:Diagnostics, DisplayExtraWarnings for further guidance.
   ** Warning ** The Standard Ratings is calculated for Coil:Cooling:DX:SingleSpeed = PERIMETER_ZN_2 ZN PSZ-AC-3 1SPD DX HP CLG COIL 21KBTU/HR 9.7SEER but not at the AHRI test condition due to curve out of bound.
   **   ~~~   **  Review the Standard Ratings calculations in the Engineering Reference for this coil type. Also, use Output:Diagnostics, DisplayExtraWarnings for further guidance.
   ** Warning ** The Standard Ratings is calculated for Coil:Cooling:DX:SingleSpeed = PERIMETER_ZN_3 ZN PSZ-AC-4 1SPD DX HP CLG COIL 24KBTU/HR 9.7SEER but not at the AHRI test condition due to curve out of bound.
   **   ~~~   **  Review the Standard Ratings calculations in the Engineering Reference for this coil type. Also, use Output:Diagnostics, DisplayExtraWarnings for further guidance.
   ** Warning ** The Standard Ratings is calculated for Coil:Cooling:DX:SingleSpeed = PERIMETER_ZN_4 ZN PSZ-AC-5 1SPD DX HP CLG COIL 24KBTU/HR 9.7SEER but not at the AHRI test condition due to curve out of bound.
   **   ~~~   **  Review the Standard Ratings calculations in the Engineering Reference for this coil type. Also, use Output:Diagnostics, DisplayExtraWarnings for further guidance.
   ** Warning ** Check input. Pump nominal power or motor efficiency is set to 0, for pump=SERVICE WATER LOOP PUMP
   ** Warning ** Output:Meter:MeterFileOnly requested for "Gas:Facility" (Hourly), already on "Output:Meter". Will report to both C:\Users\Han\Documents\GitHub\SDI\Model_Calibration_2.0\target\out_target_SKY\target_SKY.eso and C:\Users\Han\Documents\GitHub\SDI\Model_Calibration_2.0\target\out_target_SKY\target_SKY.mtr
   ** Warning ** Output:Meter:MeterFileOnly requested for "Electricity:Facility" (Hourly), already on "Output:Meter". Will report to both C:\Users\Han\Documents\GitHub\SDI\Model_Calibration_2.0\target\out_target_SKY\target_SKY.eso and C:\Users\Han\Documents\GitHub\SDI\Model_Calibration_2.0\target\out_target_SKY\target_SKY.mtr
   ************* Testing Individual Branch Integrity
   ************* All Branches passed integrity testing
   ************* Testing Individual Supply Air Path Integrity
   ************* All Supply Air Paths passed integrity testing
   ************* Testing Individual Return Air Path Integrity
   ************* All Return Air Paths passed integrity testing
   ************* No node connection errors were found.
   ************* Beginning Simulation
   ** Warning ** The resource referenced by LifeCycleCost:UsePriceEscalation= "U.S. AVG  COMMERCIAL-ELECTRICITY" has no energy cost. 
   **   ~~~   ** ... It is likely that the wrong resource is used. The resource should match the meter used in Utility:Tariff.
   ** Warning ** The resource referenced by LifeCycleCost:UsePriceEscalation= "U.S. AVG  COMMERCIAL-DISTILLATE OIL" has no energy cost. 
   **   ~~~   ** ... It is likely that the wrong resource is used. The resource should match the meter used in Utility:Tariff.
   ** Warning ** The resource referenced by LifeCycleCost:UsePriceEscalation= "U.S. AVG  COMMERCIAL-RESIDUAL OIL" has no energy cost. 
   **   ~~~   ** ... It is likely that the wrong resource is used. The resource should match the meter used in Utility:Tariff.
   ** Warning ** The resource referenced by LifeCycleCost:UsePriceEscalation= "U.S. AVG  COMMERCIAL-NATURAL GAS" has no energy cost. 
   **   ~~~   ** ... It is likely that the wrong resource is used. The resource should match the meter used in Utility:Tariff.
   ** Warning ** The resource referenced by LifeCycleCost:UsePriceEscalation= "U.S. AVG  COMMERCIAL-COAL" has no energy cost. 
   **   ~~~   ** ... It is likely that the wrong resource is used. The resource should match the meter used in Utility:Tariff.
   ************* Simulation Error Summary *************
   ************* There are 6 unused schedules in input.
   ************* There are 6 unused week schedules in input.
   ************* There are 17 unused day schedules in input.
   ************* Use Output:Diagnostics,DisplayUnusedSchedules; to see them.
   *************
   ************* ===== Recurring Error Summary =====
   ************* The following recurring error messages occurred.
   *************
   *************  ** Warning ** Plant loop exceeding upper temperature limit, PlantLoop="MAIN SERVICE WATER LOOP"
   *************  **   ~~~   **   This error occurred 213996 total times;
   *************  **   ~~~   **   during Warmup 0 times;
   *************  **   ~~~   **   during Sizing 0 times.
   *************  **   ~~~   **   Max=82.222222
   *************
   *************
   ************* ===== Final Error Summary =====
   ************* The following error categories occurred.  Consider correcting or noting.
   ************* Nominally Unused Constructions
   ************* ..The nominally unused constructions warning is provided to alert you to potential conditions that can cause
   ************* ..extra time during simulation. Each construction is calculated by the algorithm indicated in the HeatBalanceAlgorithm
   ************* ..object. You may remove the constructions indicated (when you use the DisplayExtraWarnings option).
   *************
   ************* EnergyPlus Warmup Error Summary. During Warmup: 0 Warning; 0 Severe Errors.
   ************* EnergyPlus Sizing Error Summary. During Sizing: 4 Warning; 0 Severe Errors.
   ************* EnergyPlus Completed Successfully-- 214019 Warning; 0 Severe Errors; Elapsed Time=00hr 00min 46.56sec
